<?xml version="1.0" encoding="UTF-8"?>
<!-- Generated by org.testng.reporters.JUnitReportReporter -->
<testsuite hostname="DESKTOP-1Q58IFO" name="my.SimpleTest" tests="1" failures="0" timestamp="25 Mar 2017 18:05:51 GMT" time="0.016" errors="0">
  <testcase name="testRenameFile" time="0.016" classname="my.SimpleTest"/>
</testsuite> <!-- my.SimpleTest -->
