<?xml version="1.0" encoding="UTF-8"?>
<!-- Generated by org.testng.reporters.JUnitReportReporter -->
<testsuite hostname="DESKTOP-1Q58IFO" name="SimpleTest" tests="1" failures="0" timestamp="25 Mar 2017 20:08:28 GMT" time="0.015" errors="0">
  <testcase name="testCreateFile" time="0.015" classname="SimpleTest"/>
</testsuite> <!-- SimpleTest -->
