<?xml version="1.0" encoding="UTF-8"?>
<!-- Generated by org.testng.reporters.JUnitReportReporter -->
<testsuite hostname="DESKTOP-1Q58IFO" name="SimpleTest" tests="3" failures="0" timestamp="19 Mar 2017 16:38:19 GMT" time="0.015" errors="0">
  <testcase name="testMethod1" time="0.015" classname="SimpleTest"/>
  <testcase name="testMethod2" time="0.000" classname="SimpleTest"/>
  <testcase name="testMethod3" time="0.000" classname="SimpleTest"/>
</testsuite> <!-- SimpleTest -->
