<?xml version="1.0" encoding="UTF-8"?>
<!-- Generated by org.testng.reporters.JUnitReportReporter -->
<testsuite hostname="DESKTOP-1Q58IFO" name="SimpleTest" tests="1" failures="0" timestamp="5 Apr 2017 19:36:22 GMT" time="0.016" errors="0">
  <testcase name="testRenameFileNegative" time="0.016" classname="SimpleTest"/>
</testsuite> <!-- SimpleTest -->
